<?xml version="1.0" encoding="UTF-8"?>
<!-- Generated by org.testng.reporters.JUnitReportReporter -->
<testsuite skipped="0" hostname="BA-000235932" name="com.telus.wnp.tests.ForeignTN_Validation" tests="1" failures="0" timestamp="2022-05-18T11:26:12 IST" time="17.901" errors="0">
  <testcase name="testMethod_ForeignTN_Validation" time="17.901" classname="com.telus.wnp.tests.ForeignTN_Validation"/>
  <system-out/>
</testsuite> <!-- com.telus.wnp.tests.ForeignTN_Validation -->
