<?xml version="1.0" encoding="UTF-8"?>
<!-- Generated by org.testng.reporters.JUnitReportReporter -->
<testsuite skipped="0" hostname="BA-000235932" name="com.telus.wnp.tests.SmokeTests" tests="1" failures="0" timestamp="2022-05-24T15:38:01 IST" time="215.677" errors="0">
  <testcase name="testMethod_SmokeTests" time="215.677" classname="com.telus.wnp.tests.SmokeTests"/>
  <system-out/>
</testsuite> <!-- com.telus.wnp.tests.SmokeTests -->
