<?xml version="1.0" encoding="UTF-8"?>
<!-- Generated by org.testng.reporters.JUnitReportReporter -->
<testsuite skipped="0" hostname="BA-000235932" name="com.telus.wnp.tests.TDM_Prevalidation" tests="1" failures="0" timestamp="2022-05-27T17:13:04 IST" time="709.252" errors="0">
  <testcase name="testMethod_ForeignToTelusPortin" time="709.252" classname="com.telus.wnp.tests.TDM_Prevalidation"/>
  <system-out/>
</testsuite> <!-- com.telus.wnp.tests.TDM_Prevalidation -->
